(node:22000) Warning: SECURITY WARNING: The SSL modes 'prefer', 'require', and 'verify-ca' are treated as aliases for 'verify-full'.
In the next major version (pg-connection-string v3.0.0 and pg v9.0.0), these modes will adopt standard libpq semantics, which have weaker security guarantees.

To prepare for this change:
- If you want the current behavior, explicitly use 'sslmode=verify-full'
- If you want libpq compatibility now, use 'uselibpqcompat=true&sslmode=require'

See https://www.postgresql.org/docs/current/libpq-ssl.html for libpq SSL mode definitions.
(Use `node --trace-warnings ...` to show where the warning was created)
Database initialization failed: Error: Connection terminated due to connection timeout
    at C:\Users\FAISAL\OneDrive\Desktop\Trail update code\mrf_updates\node_modules\pg-pool\index.js:45:11
    at process.processTicksAndRejections (node:internal/process/task_queues:104:5)
    at async initDB (C:\Users\FAISAL\OneDrive\Desktop\Trail update code\mrf_updates\server.js:1058:5) {
  [cause]: Error: Connection terminated unexpectedly
      at Connection.<anonymous> (C:\Users\FAISAL\OneDrive\Desktop\Trail update code\mrf_updates\node_modules\pg\lib\client.js:180:73)
      at Object.onceWrapper (node:events:622:28)
      at Connection.emit (node:events:508:28)
      at Socket.<anonymous> (C:\Users\FAISAL\OneDrive\Desktop\Trail update code\mrf_updates\node_modules\pg\lib\connection.js:61:12)
      at Socket.emit (node:events:520:35)
      at TCP.<anonymous> (node:net:346:12)
}
Login route error: Error: getaddrinfo EAI_AGAIN ep-solitary-river-an2noial-pooler.c-6.us-east-1.aws.neon.tech
    at C:\Users\FAISAL\OneDrive\Desktop\Trail update code\mrf_updates\node_modules\pg-pool\index.js:45:11
    at process.processTicksAndRejections (node:internal/process/task_queues:104:5)
    at async queryOne (C:\Users\FAISAL\OneDrive\Desktop\Trail update code\mrf_updates\server.js:907:20)
    at async findUser (C:\Users\FAISAL\OneDrive\Desktop\Trail update code\mrf_updates\server.js:1284:26)
    at async C:\Users\FAISAL\OneDrive\Desktop\Trail update code\mrf_updates\server.js:7998:22 {
  errno: -3001,
  code: 'EAI_AGAIN',
  syscall: 'getaddrinfo',
  hostname: 'ep-solitary-river-an2noial-pooler.c-6.us-east-1.aws.neon.tech'
}
Login route error: Error: getaddrinfo EAI_AGAIN ep-solitary-river-an2noial-pooler.c-6.us-east-1.aws.neon.tech
    at C:\Users\FAISAL\OneDrive\Desktop\Trail update code\mrf_updates\node_modules\pg-pool\index.js:45:11
    at process.processTicksAndRejections (node:internal/process/task_queues:104:5)
    at async queryOne (C:\Users\FAISAL\OneDrive\Desktop\Trail update code\mrf_updates\server.js:907:20)
    at async findUser (C:\Users\FAISAL\OneDrive\Desktop\Trail update code\mrf_updates\server.js:1284:26)
    at async C:\Users\FAISAL\OneDrive\Desktop\Trail update code\mrf_updates\server.js:7998:22 {
  errno: -3001,
  code: 'EAI_AGAIN',
  syscall: 'getaddrinfo',
  hostname: 'ep-solitary-river-an2noial-pooler.c-6.us-east-1.aws.neon.tech'
}
